2015-09-13 17:05:57 ERROR LinearSearch:30 - Key 34 could not be found
2015-09-13 17:05:57 INFO  LinearSearch:24 - Key 421 found at index: 2
2015-09-13 17:21:46 INFO  BinarySearch:13 - Key 14's position: 4
2015-09-13 17:27:12 INFO  BinarySearch:13 - Key 10's position: 4
2015-09-13 17:27:52 INFO  BinarySearch:13 - Key 10's position: 4
2015-09-13 17:27:52 INFO  BinarySearch:15 - Key 432's position: 4
2015-09-13 17:28:38 INFO  BinarySearch:13 - Key 10's position: 4
2015-09-13 17:28:38 INFO  BinarySearch:15 - Key 432's position: 4
2015-09-13 17:28:52 INFO  BinarySearch:13 - Key 10's position: 4
2015-09-13 17:28:52 INFO  BinarySearch:15 - Key 432's position: -1
2015-09-13 17:29:36 INFO  BinarySearch:13 - Key 10's position: 4
2015-09-13 17:29:36 INFO  BinarySearch:15 - Key 432's position: -1
2015-09-13 17:30:02 INFO  BinarySearch:13 - Key 10's position: 4
2015-09-13 17:30:02 INFO  BinarySearch:15 - Key 432's position: -1
2015-09-13 17:30:23 INFO  BinarySearch:15 - Key 432's position: -1
2015-09-13 17:33:42 INFO  BinarySearch:15 - Key 432's position: -1
2015-09-13 17:34:00 INFO  BinarySearch:15 - Key 432's position: 7
2015-09-13 17:47:11 INFO  MyRecursiveBinarySearch:12 - Found 45 at 1 index
2015-09-13 17:51:34 INFO  MyRecursiveBinarySearch:14 - Found 999 at 7 index
2015-09-13 17:51:41 INFO  MyRecursiveBinarySearch:16 - Found 876 at 4 index
2016-02-06 17:52:17 ERROR LinearSearch:30 - Key 34 could not be found
2016-02-06 17:52:17 INFO  LinearSearch:24 - Key 421 found at index: 2
2016-02-06 17:52:47 INFO  LinearSearch:24 - Key 90 found at index: 7
2016-02-06 17:52:47 INFO  LinearSearch:24 - Key 421 found at index: 2
2016-02-06 17:58:52 INFO  BinarySearch:15 - Key 432's position: 7
2016-02-06 18:01:49 INFO  BinarySearch:18 - Key: 900 found @ position: 8
2016-02-06 18:02:08 ERROR BinarySearch:20 - key: 901 couldn't be found
2016-05-16 18:38:45 INFO  LinearSearch:24 - Key 90 found at index: 7
2016-05-16 18:38:45 INFO  LinearSearch:24 - Key 421 found at index: 2
2016-05-16 18:50:08 ERROR BinarySearch:20 - key: 901 couldn't be found
2016-05-16 18:51:33 INFO  BinarySearch:18 - Key: 402 found @ position: 6
2016-05-16 18:58:34 INFO  MyRecursiveBinarySearch:12 - Found 45 at 1 index
2016-05-16 18:58:34 INFO  MyRecursiveBinarySearch:14 - Found 999 at 7 index
2016-05-16 18:58:34 INFO  MyRecursiveBinarySearch:16 - Found 876 at 4 index
2016-10-06 14:27:47 INFO  LinearSearch:24 - Key 90 found at index: 7
2016-10-06 14:27:47 INFO  LinearSearch:24 - Key 421 found at index: 2
2016-10-06 14:35:22 INFO  BinarySearch:18 - Key: 900 found @ position: 8
2016-10-06 14:37:27 INFO  BinarySearch:18 - Key: 900 found @ position: 8
2016-10-06 14:41:48 INFO  MyRecursiveBinarySearch:12 - Found 45 at 1 index
2016-10-06 14:43:30 INFO  MyRecursiveBinarySearch:14 - Found 999 at 7 index
2016-10-06 14:43:54 INFO  MyRecursiveBinarySearch:16 - Found 876 at 4 index
2016-10-06 14:44:06 INFO  MyRecursiveBinarySearch:12 - Found 45 at 1 index
2016-10-06 14:44:06 INFO  MyRecursiveBinarySearch:14 - Found 999 at 7 index
2016-10-06 14:44:06 INFO  MyRecursiveBinarySearch:16 - Found 876 at -6 index
